<?xml version="1.0" encoding="UTF-8"?>
<!-- Generated by org.testng.reporters.JUnitXMLReporter -->
<testsuite ignored="0" hostname="DESKTOP-FSIQD2R" failures="0" tests="3" name="Test Basics 1" time="53.212" errors="0" timestamp="2021-12-31T22:45:19 EST">
  <testcase classname="com.United_HealthCare.testPage.HomePage_Test.HomePageTest" name="testInsurancePlanLink" time="33.831"/>
  <testcase classname="com.United_HealthCare.testPage.HomePage_Test.HomePageTest" name="testSearchBoxFunctionality" time="2.695"/>
  <testcase classname="com.United_HealthCare.testPage.HomePage_Test.HomePageTest" name="testVisionPlanFunctionality" time="0.098"/>
</testsuite> <!-- Test Basics 1 -->
