<?xml version="1.0" encoding="UTF-8"?>
<testng-results ignored="0" total="3" passed="3" failed="0" skipped="0">
  <reporter-output>
  </reporter-output>
  <suite started-at="2021-12-31T22:44:26 EST" name="United Health Care Test Suite" finished-at="2021-12-31T22:45:19 EST" duration-ms="53212">
    <groups>
    </groups>
    <test started-at="2021-12-31T22:44:26 EST" name="Test Basics 1" finished-at="2021-12-31T22:45:19 EST" duration-ms="53212">
      <class name="com.United_HealthCare.testPage.HomePage_Test.HomePageTest">
        <test-method is-config="true" signature="SetBrowser(java.lang.String,java.lang.String)[pri:0, instance:com.United_HealthCare.testPage.HomePage_Test.HomePageTest@4a7f959b]" started-at="2021-12-31T22:44:26 EST" name="SetBrowser" finished-at="2021-12-31T22:44:32 EST" duration-ms="5564" status="PASS">
          <params>
            <param index="0">
              <value>
                <![CDATA[chrome]]>
              </value>
            </param>
            <param index="1">
              <value>
                <![CDATA[https://www.uhc.com/]]>
              </value>
            </param>
          </params>
          <reporter-output>
          </reporter-output>
        </test-method> <!-- SetBrowser -->
        <test-method is-config="true" signature="getInit()[pri:0, instance:com.United_HealthCare.testPage.HomePage_Test.HomePageTest@4a7f959b]" started-at="2021-12-31T22:44:32 EST" name="getInit" finished-at="2021-12-31T22:44:32 EST" duration-ms="16" status="PASS">
          <reporter-output>
          </reporter-output>
        </test-method> <!-- getInit -->
        <test-method signature="testInsurancePlanLink()[pri:0, instance:com.United_HealthCare.testPage.HomePage_Test.HomePageTest@4a7f959b]" started-at="2021-12-31T22:44:32 EST" name="testInsurancePlanLink" finished-at="2021-12-31T22:45:05 EST" duration-ms="33831" status="PASS">
          <reporter-output>
          </reporter-output>
        </test-method> <!-- testInsurancePlanLink -->
        <test-method is-config="true" signature="SetBrowser(java.lang.String,java.lang.String)[pri:0, instance:com.United_HealthCare.testPage.HomePage_Test.HomePageTest@4a7f959b]" started-at="2021-12-31T22:45:05 EST" name="SetBrowser" finished-at="2021-12-31T22:45:11 EST" duration-ms="6079" status="PASS">
          <params>
            <param index="0">
              <value>
                <![CDATA[chrome]]>
              </value>
            </param>
            <param index="1">
              <value>
                <![CDATA[https://www.uhc.com/]]>
              </value>
            </param>
          </params>
          <reporter-output>
          </reporter-output>
        </test-method> <!-- SetBrowser -->
        <test-method is-config="true" signature="getInit()[pri:0, instance:com.United_HealthCare.testPage.HomePage_Test.HomePageTest@4a7f959b]" started-at="2021-12-31T22:45:11 EST" name="getInit" finished-at="2021-12-31T22:45:11 EST" duration-ms="0" status="PASS">
          <reporter-output>
          </reporter-output>
        </test-method> <!-- getInit -->
        <test-method signature="testSearchBoxFunctionality()[pri:0, instance:com.United_HealthCare.testPage.HomePage_Test.HomePageTest@4a7f959b]" started-at="2021-12-31T22:45:11 EST" name="testSearchBoxFunctionality" finished-at="2021-12-31T22:45:14 EST" duration-ms="2695" status="PASS">
          <reporter-output>
          </reporter-output>
        </test-method> <!-- testSearchBoxFunctionality -->
        <test-method is-config="true" signature="SetBrowser(java.lang.String,java.lang.String)[pri:0, instance:com.United_HealthCare.testPage.HomePage_Test.HomePageTest@4a7f959b]" started-at="2021-12-31T22:45:14 EST" name="SetBrowser" finished-at="2021-12-31T22:45:19 EST" duration-ms="4508" status="PASS">
          <params>
            <param index="0">
              <value>
                <![CDATA[chrome]]>
              </value>
            </param>
            <param index="1">
              <value>
                <![CDATA[https://www.uhc.com/]]>
              </value>
            </param>
          </params>
          <reporter-output>
          </reporter-output>
        </test-method> <!-- SetBrowser -->
        <test-method is-config="true" signature="getInit()[pri:0, instance:com.United_HealthCare.testPage.HomePage_Test.HomePageTest@4a7f959b]" started-at="2021-12-31T22:45:19 EST" name="getInit" finished-at="2021-12-31T22:45:19 EST" duration-ms="1" status="PASS">
          <reporter-output>
          </reporter-output>
        </test-method> <!-- getInit -->
        <test-method signature="testVisionPlanFunctionality()[pri:0, instance:com.United_HealthCare.testPage.HomePage_Test.HomePageTest@4a7f959b]" started-at="2021-12-31T22:45:19 EST" name="testVisionPlanFunctionality" finished-at="2021-12-31T22:45:19 EST" duration-ms="98" status="PASS">
          <reporter-output>
          </reporter-output>
        </test-method> <!-- testVisionPlanFunctionality -->
        <test-method is-config="true" signature="takeScreenShotOnFail()[pri:0, instance:com.United_HealthCare.testPage.HomePage_Test.HomePageTest@4a7f959b]" started-at="2021-12-31T22:45:19 EST" name="takeScreenShotOnFail" finished-at="2021-12-31T22:45:19 EST" duration-ms="370" status="PASS">
          <reporter-output>
          </reporter-output>
        </test-method> <!-- takeScreenShotOnFail -->
      </class> <!-- com.United_HealthCare.testPage.HomePage_Test.HomePageTest -->
    </test> <!-- Test Basics 1 -->
  </suite> <!-- United Health Care Test Suite -->
</testng-results>
